<?xml version="1.0" encoding="UTF-8"?>
<testsuite name="StringCaseChagerTest" tests="1" skipped="0" failures="0" errors="0" timestamp="2021-11-30T15:42:59" hostname="DESKTOP-E73KAEB" time="0.013">
  <properties/>
  <testcase name="stringCaseChanger()" classname="StringCaseChagerTest" time="0.013"/>
  <system-out><![CDATA[]]></system-out>
  <system-err><![CDATA[]]></system-err>
</testsuite>
