<?xml version="1.0" encoding="UTF-8"?>
<testsuite name="StringReplacerTest" tests="1" skipped="0" failures="0" errors="0" timestamp="2021-11-30T15:42:59" hostname="DESKTOP-E73KAEB" time="0.0">
  <properties/>
  <testcase name="stringReplacer()" classname="StringReplacerTest" time="0.0"/>
  <system-out><![CDATA[]]></system-out>
  <system-err><![CDATA[]]></system-err>
</testsuite>
